[2026-02-26T15:01:52.690Z] DASHBOARD: START DashboardPage for Supabase user: a66321a5-a987-47b4-a9f0-3726c317479c
[2026-02-26T15:01:52.690Z] AUTH-HELPER: getDbUser: Checking for Supabase ID: a66321a5-a987-47b4-a9f0-3726c317479c
[2026-02-26T15:01:53.118Z] AUTH-HELPER: getDbUser: Result for a66321a5-a987-47b4-a9f0-3726c317479c: FOUND (OkanDikkulak)
[2026-02-26T15:01:53.119Z] DASHBOARD: dbUser result: FOUND (OkanDikkulak)
[2026-02-26T15:01:53.119Z] DASHBOARD: Proceeding to render dashboard
[2026-02-26T15:01:59.709Z] AUTH-HELPER: getDbUser: Checking for Supabase ID: a66321a5-a987-47b4-a9f0-3726c317479c
[2026-02-26T15:01:59.829Z] AUTH-HELPER: getDbUser: Result for a66321a5-a987-47b4-a9f0-3726c317479c: FOUND (OkanDikkulak)
[2026-02-26T15:02:00.034Z] DASHBOARD: START DashboardPage for Supabase user: a66321a5-a987-47b4-a9f0-3726c317479c
[2026-02-26T15:02:00.036Z] AUTH-HELPER: getDbUser: Checking for Supabase ID: a66321a5-a987-47b4-a9f0-3726c317479c
[2026-02-26T15:02:00.156Z] AUTH-HELPER: getDbUser: Result for a66321a5-a987-47b4-a9f0-3726c317479c: FOUND (OkanDikkulak)
[2026-02-26T15:02:00.158Z] DASHBOARD: dbUser result: FOUND (OkanDikkulak)
[2026-02-26T15:02:00.159Z] DASHBOARD: Proceeding to render dashboard
[2026-02-26T15:02:01.315Z] AUTH-HELPER: getDbUser: Checking for Supabase ID: a66321a5-a987-47b4-a9f0-3726c317479c
[2026-02-26T15:02:01.438Z] AUTH-HELPER: getDbUser: Result for a66321a5-a987-47b4-a9f0-3726c317479c: FOUND (OkanDikkulak)
[2026-02-26T15:02:06.033Z] AUTH-HELPER: getDbUser: Checking for Supabase ID: 71da4e9e-d136-462b-a4fb-b167c238aea4
[2026-02-26T15:02:06.151Z] AUTH-HELPER: getDbUser: Result for 71da4e9e-d136-462b-a4fb-b167c238aea4: NOT FOUND
[2026-02-26T15:02:17.780Z] DASHBOARD: START DashboardPage for Supabase user: 029aeac3-15af-45c8-8851-90644022ef8b
[2026-02-26T15:02:17.781Z] AUTH-HELPER: getDbUser: Checking for Supabase ID: 029aeac3-15af-45c8-8851-90644022ef8b
[2026-02-26T15:02:17.898Z] AUTH-HELPER: getDbUser: Result for 029aeac3-15af-45c8-8851-90644022ef8b: NOT FOUND
[2026-02-26T15:02:17.900Z] DASHBOARD: dbUser result: NOT FOUND
[2026-02-26T15:02:17.901Z] DASHBOARD: !!! REDIRECTING to db_sync_failed !!!
[2026-02-26T15:02:25.050Z] DASHBOARD: START DashboardPage for Supabase user: 3a56673b-62fc-4da2-8a88-e15ad3214aca
[2026-02-26T15:02:25.050Z] AUTH-HELPER: getDbUser: Checking for Supabase ID: 3a56673b-62fc-4da2-8a88-e15ad3214aca
[2026-02-26T15:02:25.166Z] AUTH-HELPER: getDbUser: Result for 3a56673b-62fc-4da2-8a88-e15ad3214aca: NOT FOUND
[2026-02-26T15:02:25.173Z] DASHBOARD: dbUser result: NOT FOUND
[2026-02-26T15:02:25.174Z] DASHBOARD: !!! REDIRECTING to db_sync_failed !!!
